[2014-11-18 09:30:23] START
[2014-11-18 09:31:10] CREATE survey.py: 0
[2014-11-18 09:49:00] EDIT database_2/models/survey.py: 30
[2014-11-18 09:55:45] EDIT database_2/models/survey.py: 14
[2014-11-18 09:56:35] EDIT database_2/models/survey.py: 3
[2014-11-18 09:57:02] EDIT database_2/models/survey.py: 0
[2014-11-18 09:57:45] EDIT database_2/models/survey.py: 3
[2014-11-18 09:59:09] EDIT database_2/models/survey.py: 0
[2014-11-18 10:00:04] EDIT database_2/models/survey.py: -1
[2014-11-18 10:00:21] EDIT database_2/models/survey.py: -2
[2014-11-18 10:03:16] EDIT database_2/models/survey.py: -14
[2014-11-18 10:03:28] EDIT database_2/models/survey.py: 0
[2014-11-18 10:05:06] EDIT database_2/models/survey.py: 3
[2014-11-18 10:05:06] EDIT database_2/models/survey.py: 0
[2014-11-18 10:05:27] EDIT database_2/models/survey.py: 1
[2014-11-18 10:14:36] EDIT database_2/models/survey.py: -4
[2014-11-18 10:21:55] EDIT database_2/models/survey.py: 8
[2014-11-18 10:22:06] EDIT database_2/models/survey.py: 0
[2014-11-18 10:22:07] EDIT database_2/models/survey.py: 0
[2014-11-18 10:22:11] EDIT database_2/models/survey.py: 0
[2014-11-18 10:22:59] EDIT database_2/models/survey.py: 1
[2014-11-18 10:23:39] EDIT database_2/models/survey.py: 1
[2014-11-18 10:24:06] EDIT database_2/models/survey.py: 1
[2014-11-18 10:24:07] EDIT database_2/models/survey.py: 0
[2014-11-18 10:24:07] EDIT database_2/models/survey.py: 0
[2014-11-18 10:24:13] EDIT database_2/models/survey.py: 0
[2014-11-18 10:31:43] EDIT database_2/models/survey.py: -1
[2014-11-18 10:35:05] EDIT database_2/views/default/index.html: -26
[2014-11-18 10:35:27] EDIT database_2/controllers/default.py: -5
[2014-11-18 10:35:41] EDIT database_2/controllers/default.py: 1
[2014-11-18 10:35:59] CREATE default/create.html: 0
[2014-11-18 10:37:13] EDIT database_2/models/survey.py: 0
[2014-11-18 10:37:14] EDIT database_2/models/survey.py: 0
[2014-11-18 10:38:51] EDIT database_2/models/survey.py: -2
[2014-11-18 10:39:08] EDIT database_2/models/survey.py: 0
[2014-11-18 10:39:45] EDIT database_2/models/survey.py: 1
[2014-11-18 10:40:15] EDIT database_2/views/default/create.html: 0
[2014-11-18 10:40:15] EDIT database_2/views/default/create.html: 0
[2014-11-18 10:41:15] EDIT database_2/controllers/default.py: 5
[2014-11-18 10:42:32] EDIT database_2/controllers/default.py: 1
[2014-11-18 10:44:09] EDIT database_2/models/survey.py: 0
[2014-11-18 10:45:52] EDIT database_2/models/survey.py: 0
[2014-11-18 10:46:12] EDIT database_2/models/survey.py: 0
[2014-11-18 10:46:25] EDIT database_2/models/survey.py: 0
[2014-11-18 10:48:34] EDIT database_2/models/survey.py: 0
[2014-11-18 10:51:39] EDIT database_2/models/survey.py: 0
[2014-11-18 15:20:43] EDIT database_2/controllers/default.py: 0
[2014-11-18 15:22:45] EDIT database_2/models/db.py: 0
[2014-11-18 15:22:58] EDIT database_2/models/db.py: 0
[2014-11-18 15:24:08] EDIT database_2/models/db.py: 0
[2014-11-18 15:24:09] EDIT database_2/models/db.py: 0
[2014-11-18 15:31:22] EDIT database_2/models/survey.py: 0
[2014-11-18 15:31:32] EDIT database_2/models/survey.py: 0
[2014-11-18 15:31:43] EDIT database_2/models/survey.py: 0
[2014-11-18 15:32:30] EDIT database_2/models/survey.py: 0
[2014-11-18 15:32:43] EDIT database_2/models/survey.py: -6
[2014-11-18 15:32:43] EDIT database_2/models/survey.py: 0
[2014-11-18 15:34:25] EDIT database_2/models/survey.py: 0
[2014-11-18 15:34:30] EDIT database_2/models/survey.py: 0
[2014-11-18 15:34:34] EDIT database_2/models/survey.py: 0
[2014-11-18 15:35:45] EDIT database_2/controllers/default.py: 0
[2014-11-18 15:36:11] EDIT database_2/controllers/default.py: -2
[2014-11-18 15:37:58] EDIT database_2/controllers/default.py: 2
[2014-11-18 15:38:17] EDIT database_2/controllers/default.py: 1
[2014-11-18 15:38:30] CREATE default/sview.html: 0
[2014-11-18 15:39:11] EDIT database_2/views/default/sview.html: 0
[2014-11-18 15:39:33] EDIT database_2/views/default/index.html: 1
[2014-11-18 15:40:54] EDIT database_2/views/default/sview.html: 6
[2014-11-18 15:41:36] EDIT database_2/views/default/sview.html: 0
[2014-11-18 15:41:45] EDIT database_2/views/default/sview.html: 0
[2014-11-18 15:42:04] EDIT database_2/views/default/sview.html: 0
[2014-11-18 15:42:23] EDIT database_2/views/default/sview.html: 0
[2014-11-18 15:42:53] CREATE default/add_q.html: 0
[2014-11-18 15:43:08] EDIT database_2/views/default/add_q.html: -1
[2014-11-18 15:43:22] EDIT database_2/views/default/add_q.html: 0
[2014-11-18 15:43:22] EDIT database_2/views/default/add_q.html: 0
[2014-11-18 15:44:33] EDIT database_2/controllers/default.py: 5
[2014-11-18 15:47:35] EDIT database_2/views/default/add_q.html: 1
[2014-11-18 15:48:09] EDIT database_2/views/default/sview.html: 0
[2014-11-18 15:48:09] EDIT database_2/views/default/sview.html: 0
[2014-11-18 15:49:11] EDIT database_2/models/survey.py: 0
[2014-11-18 15:49:11] EDIT database_2/models/survey.py: 0
[2014-11-18 15:50:07] EDIT database_2/views/default/add_q.html: 0
[2014-11-18 15:50:08] EDIT database_2/views/default/add_q.html: 0
[2014-11-18 18:55:04] EDIT database_2/controllers/default.py: 0
[2014-11-18 18:56:51] EDIT database_2/models/survey.py: 5
[2014-11-18 18:56:52] EDIT database_2/models/survey.py: 0
[2014-11-18 19:01:23] EDIT database_2/models/survey.py: 20
[2014-11-18 19:02:18] EDIT database_2/models/survey.py: 0
[2014-11-18 19:02:18] EDIT database_2/models/survey.py: 0
[2014-11-18 19:26:44] EDIT database_2/models/survey.py: 0
[2014-11-18 19:26:44] EDIT database_2/models/survey.py: 0
[2014-11-18 19:30:05] EDIT database_2/controllers/default.py: 1
[2014-11-18 19:30:05] EDIT database_2/controllers/default.py: 0
[2014-11-18 19:33:04] EDIT database_2/controllers/default.py: 0
[2014-11-18 19:33:06] EDIT database_2/controllers/default.py: 0
[2014-11-18 19:33:18] EDIT database_2/controllers/default.py: 0
[2014-11-18 19:33:19] EDIT database_2/controllers/default.py: 0
[2014-11-18 19:33:29] EDIT database_2/controllers/default.py: 1
[2014-11-18 19:34:44] EDIT database_2/controllers/default.py: 3
[2014-11-18 19:35:23] EDIT database_2/views/default/sview.html: 0
[2014-11-18 19:35:58] CREATE default/view_q.html: 0
[2014-11-18 19:36:34] EDIT database_2/views/default/view_q.html: 2
[2014-11-18 19:36:35] EDIT database_2/views/default/view_q.html: 0
[2014-11-18 19:36:48] EDIT database_2/views/default/view_q.html: 0
[2014-11-18 19:37:35] EDIT database_2/views/default/view_q.html: 0
[2014-11-18 19:38:27] EDIT database_2/views/default/view_q.html: 0
[2014-11-18 19:38:45] EDIT database_2/views/default/view_q.html: 0
[2014-11-18 19:39:19] EDIT database_2/views/default/view_q.html: 0
[2014-11-18 19:39:59] EDIT database_2/views/default/view_q.html: 0
[2014-11-18 19:40:08] EDIT database_2/views/default/view_q.html: 0
[2014-11-18 19:45:03] EDIT database_2/controllers/default.py: 0
[2014-11-18 19:45:03] EDIT database_2/controllers/default.py: 0
[2014-11-18 19:45:05] EDIT database_2/models/survey.py: 0
[2014-11-18 19:45:05] EDIT database_2/models/survey.py: 0
[2014-11-18 19:45:07] EDIT database_2/views/default/sview.html: 0
[2014-11-18 19:45:07] EDIT database_2/views/default/sview.html: 0
[2014-11-18 19:45:09] EDIT database_2/views/default/index.html: 0
[2014-11-18 19:45:09] EDIT database_2/views/default/index.html: 0
[2014-11-18 19:45:11] EDIT database_2/views/default/add_q.html: 0
[2014-11-18 19:45:11] EDIT database_2/views/default/add_q.html: 0
[2014-11-18 19:45:13] EDIT database_2/views/default/view_q.html: 0
[2014-11-18 19:45:13] EDIT database_2/views/default/view_q.html: 0
[2014-11-25 21:11:51] EDIT project/controllers/default.py: -1
[2014-11-25 21:18:21] EDIT project/views/default/index.html: 1
[2014-11-25 21:19:10] EDIT project/views/default/index.html: 0
[2014-11-25 21:21:05] EDIT project/views/default/index.html: 1
[2014-11-25 21:21:20] EDIT project/views/default/index.html: -1
[2014-11-25 21:22:08] EDIT project/views/default/index.html: -1
[2014-11-25 21:23:22] EDIT project/views/default/index.html: 2
[2014-11-25 21:37:25] EDIT project/views/default/index.html: 78
[2014-11-25 21:38:04] EDIT project/views/default/index.html: 1
[2014-11-25 21:43:17] EDIT project/views/default/index.html: -1
[2014-11-25 21:48:08] EDIT project/views/default/index.html: -80
[2014-11-25 21:48:27] EDIT project/views/default/index.html: 0
[2014-11-25 21:48:37] EDIT project/views/default/index.html: -1
[2014-11-25 21:53:42] EDIT project/views/default/index.html: 5
[2014-11-25 21:54:01] EDIT project/views/default/index.html: 2
[2014-11-25 21:54:54] EDIT project/views/default/index.html: 0
[2014-11-25 21:55:09] EDIT project/views/default/index.html: 24
[2014-11-25 21:56:32] EDIT project/views/default/index.html: 1
[2014-11-25 21:56:58] EDIT project/views/default/index.html: 0
[2014-11-25 21:57:11] EDIT project/views/default/index.html: -2
[2014-11-25 21:57:46] EDIT project/views/default/index.html: 3
[2014-11-25 22:07:15] EDIT project/views/default/index.html: -33
[2014-11-25 22:07:25] EDIT project/views/default/index.html: 0
[2014-11-25 22:07:50] EDIT project/views/default/index.html: 0
[2014-11-25 22:07:58] EDIT project/views/default/index.html: 0
[2014-11-25 22:36:44] EDIT project/views/default/index.html: 120
[2014-11-25 22:37:13] EDIT project/views/default/index.html: 0
[2014-11-25 22:37:35] EDIT project/views/default/index.html: 0
[2014-11-25 22:39:57] EDIT project/views/default/index.html: 2
[2014-11-25 22:41:17] EDIT project/views/default/index.html: 2
[2014-11-25 22:41:25] EDIT project/views/default/index.html: -2
[2014-11-25 22:42:23] EDIT project/views/default/index.html: 0
[2014-11-25 22:43:55] EDIT project/views/default/index.html: -110
[2014-11-25 22:45:05] EDIT project/views/default/index.html: 0
[2014-11-25 22:45:05] EDIT project/views/default/index.html: 0
[2014-11-25 22:46:15] EDIT project/views/default/index.html: 56
[2014-11-25 22:46:36] EDIT project/views/default/index.html: -17
[2014-11-25 22:47:23] EDIT project/views/default/index.html: 1
[2014-11-25 22:47:35] EDIT project/views/default/index.html: -2
[2014-11-25 22:51:06] EDIT project/views/default/index.html: 0
[2014-11-25 22:51:53] EDIT project/views/default/index.html: 0
[2014-11-25 22:53:07] EDIT project/views/default/index.html: 3
[2014-11-25 22:54:01] EDIT project/views/default/index.html: -12
[2014-11-25 22:54:22] EDIT project/views/default/index.html: 5
[2014-11-25 22:54:30] EDIT project/views/default/index.html: 6
[2014-11-25 22:56:12] EDIT project/views/default/index.html: 1
[2014-11-25 22:59:26] EDIT project/views/default/index.html: 2
[2014-11-25 23:00:36] EDIT project/views/default/index.html: 0
[2014-11-25 23:01:27] EDIT project/views/default/index.html: 1
[2014-11-25 23:01:40] EDIT project/views/default/index.html: 0
[2014-11-25 23:01:49] EDIT project/views/default/index.html: 0
[2014-11-25 23:02:03] EDIT project/views/default/index.html: 0
[2014-11-25 23:02:30] EDIT project/views/default/index.html: 0
[2014-11-25 23:07:25] EDIT project/views/default/index.html: 1
[2014-11-25 23:10:51] EDIT project/views/default/index.html: 1
[2014-11-25 23:11:26] EDIT project/views/default/index.html: 0
[2014-11-25 23:11:41] EDIT project/views/default/index.html: 0
[2014-11-25 23:13:40] EDIT project/views/default/index.html: 0
[2014-11-25 23:14:22] EDIT project/views/default/index.html: 0
[2014-11-25 23:15:42] EDIT project/views/default/index.html: 0
[2014-11-25 23:16:23] EDIT project/views/default/index.html: 1
[2014-11-25 23:16:39] EDIT project/views/default/index.html: -1
[2014-11-25 23:17:10] EDIT project/views/default/index.html: -8
[2014-11-25 23:17:37] EDIT project/views/default/index.html: 0
[2014-11-25 23:18:22] EDIT project/views/default/index.html: 7
[2014-11-25 23:18:45] EDIT project/views/default/index.html: 1
[2014-11-25 23:18:52] EDIT project/views/default/index.html: 0
[2014-11-25 23:20:05] EDIT project/views/default/index.html: 0
[2014-11-25 23:21:06] EDIT project/views/default/index.html: 0
[2014-11-25 23:21:44] EDIT project/views/default/index.html: 1
[2014-11-25 23:23:02] EDIT project/views/default/index.html: -28
[2014-11-25 23:25:49] EDIT project/views/default/index.html: -17
[2014-11-25 23:26:46] EDIT project/views/default/index.html: 2
[2014-11-25 23:27:14] EDIT project/views/default/index.html: -3
[2014-11-25 23:28:10] EDIT project/views/default/index.html: 0
[2014-11-25 23:28:41] EDIT project/views/default/index.html: 0
[2014-11-25 23:34:13] EDIT project/views/default/index.html: 0
[2014-11-25 23:35:28] EDIT project/models/menu.py: 0
[2014-11-25 23:35:51] EDIT project/models/menu.py: 0
[2014-11-25 23:36:00] EDIT project/models/menu.py: 0
[2014-11-25 23:38:26] EDIT project/models/menu.py: 0
[2014-11-25 23:41:54] EDIT project/views/default/index.html: -1
[2014-11-25 23:47:23] EDIT project/views/default/index.html: 16
[2014-11-25 23:47:31] EDIT project/views/default/index.html: 86
[2014-11-25 23:48:03] EDIT project/views/default/index.html: 1
[2014-11-25 23:50:04] EDIT project/views/default/index.html: 1
[2014-11-25 23:52:16] EDIT project/views/default/index.html: 0
[2014-11-25 23:54:38] EDIT project/views/default/index.html: 0
[2014-11-25 23:55:31] EDIT project/views/default/index.html: 0
[2014-11-25 23:56:01] EDIT project/views/default/index.html: -1
[2014-11-25 23:56:36] EDIT project/views/default/index.html: 1
[2014-11-25 23:57:38] EDIT project/views/default/index.html: 8
[2014-11-25 23:58:50] EDIT project/views/default/index.html: -9
[2014-11-25 23:59:28] EDIT project/views/default/index.html: 0
[2014-11-26 00:01:09] EDIT project/views/default/index.html: 0
[2014-11-26 00:02:43] EDIT project/views/default/index.html: 0
[2014-11-26 00:03:47] EDIT project/views/default/index.html: 0
[2014-11-26 00:04:46] EDIT project/views/default/index.html: 12
[2014-11-26 00:05:18] EDIT project/views/default/index.html: 0
[2014-11-26 00:06:06] EDIT project/views/default/index.html: 8
[2014-11-26 00:07:44] EDIT project/views/default/index.html: 0
[2014-11-26 00:08:23] EDIT project/views/default/index.html: 0
[2014-11-26 00:08:32] EDIT project/views/default/index.html: 0
[2014-11-26 00:10:17] EDIT project/views/default/index.html: 0
[2014-11-26 00:10:55] EDIT project/views/default/index.html: 0
[2014-11-26 01:15:59] EDIT project/views/default/index.html: 1
[2014-11-26 01:16:37] EDIT project/views/default/index.html: -6
[2014-11-26 01:22:02] EDIT project/views/default/index.html: -7
[2014-11-26 01:22:16] EDIT project/views/default/index.html: -5
[2014-11-26 01:22:54] EDIT project/views/default/index.html: -13
[2014-11-26 01:23:07] EDIT project/views/default/index.html: 0
[2014-11-26 01:23:47] EDIT project/views/default/index.html: -6
[2014-11-26 01:23:55] EDIT project/views/default/index.html: 7
[2014-11-26 01:24:04] EDIT project/views/default/index.html: 6
[2014-11-26 01:24:59] EDIT project/views/default/index.html: 0
[2014-11-26 01:26:09] EDIT project/views/default/index.html: 12
[2014-11-26 01:26:29] EDIT project/views/default/index.html: 0
[2014-11-26 01:27:36] EDIT project/views/default/index.html: 6
[2014-11-26 01:27:55] EDIT project/views/default/index.html: 0
[2014-11-26 01:28:40] EDIT project/views/default/index.html: 0
[2014-11-26 01:28:56] EDIT project/views/default/index.html: 0
[2014-11-26 01:29:19] EDIT project/views/default/index.html: 0
[2014-11-26 01:29:53] EDIT project/views/default/index.html: 0
[2014-11-26 01:30:16] EDIT project/views/default/index.html: 0
[2014-11-26 01:30:26] EDIT project/views/default/index.html: 0
[2014-11-26 01:31:59] EDIT project/views/default/index.html: 0
[2014-11-26 01:32:37] EDIT project/views/default/index.html: 1
[2014-11-26 01:34:09] EDIT project/views/default/index.html: -1
[2014-11-26 01:34:21] EDIT project/views/default/index.html: 0
[2014-11-26 01:36:00] EDIT project/views/default/index.html: 0
[2014-11-26 01:36:35] EDIT project/views/default/index.html: 0
[2014-11-26 01:36:42] EDIT project/views/default/index.html: -2
[2014-11-26 01:37:03] EDIT project/views/default/index.html: 0
[2014-11-26 01:37:21] EDIT project/views/default/index.html: 0
[2014-11-26 01:38:14] EDIT project/views/default/index.html: 0
[2014-11-26 01:39:08] EDIT project/views/default/index.html: 0
[2014-11-26 01:39:46] EDIT project/views/default/index.html: 0
[2014-11-26 01:40:52] EDIT project/views/default/index.html: -2
[2014-11-26 01:41:47] EDIT project/views/default/index.html: 0
[2014-11-26 01:41:48] EDIT project/views/default/index.html: 0
[2014-11-26 01:47:29] EDIT project/views/default/index.html: -6
[2014-11-26 01:48:08] EDIT project/views/default/index.html: 0
[2014-11-26 01:49:05] EDIT project/views/default/index.html: 0
[2014-11-26 01:50:17] EDIT project/views/default/index.html: 0
[2014-11-26 01:52:34] EDIT project/views/default/index.html: 0
[2014-11-26 01:53:17] EDIT project/views/default/index.html: 0
[2014-11-26 01:54:09] EDIT project/views/default/index.html: 0
[2014-11-26 01:57:08] EDIT project/views/default/index.html: 3
[2014-11-26 01:57:36] EDIT project/views/default/index.html: -1
[2014-11-26 01:58:07] EDIT project/views/default/index.html: -1
[2014-11-26 01:58:30] EDIT project/views/default/index.html: -1
[2014-11-26 02:02:29] EDIT project/views/default/index.html: 3
[2014-11-26 02:02:41] EDIT project/views/default/index.html: 1
[2014-11-26 02:03:13] EDIT project/views/default/index.html: 1
[2014-11-26 02:03:21] EDIT project/views/default/index.html: 0
[2014-11-26 02:08:29] EDIT project/views/default/index.html: 1
[2014-11-26 02:09:07] EDIT project/views/default/index.html: 0
[2014-11-26 02:09:16] EDIT project/views/default/index.html: 0
[2014-11-26 02:09:27] EDIT project/views/default/index.html: 0
[2014-11-26 02:12:55] EDIT project/views/default/index.html: -2
[2014-11-26 02:13:28] EDIT project/views/default/index.html: 0
[2014-11-26 02:13:56] EDIT project/views/default/index.html: 0
[2014-11-26 02:15:43] EDIT project/views/default/index.html: 0
[2014-11-26 02:15:56] EDIT project/views/default/index.html: -1
[2014-11-26 02:17:05] EDIT project/views/default/index.html: 0
[2014-11-26 02:18:03] EDIT project/views/default/index.html: 0
[2014-11-26 02:18:15] EDIT project/views/default/index.html: 0
[2014-11-26 02:18:28] EDIT project/views/default/index.html: 0
[2014-11-26 02:18:45] EDIT project/views/default/index.html: 0
[2014-11-26 02:19:28] EDIT project/views/default/index.html: 0
[2014-11-26 02:19:50] EDIT project/views/default/index.html: 0
[2014-11-26 02:20:00] EDIT project/views/default/index.html: 0
[2014-11-26 02:21:11] EDIT project/views/default/index.html: 0
[2014-11-26 02:22:56] EDIT project/views/default/index.html: 3
[2014-11-26 02:24:02] EDIT project/views/default/index.html: 1
[2014-11-26 02:24:29] EDIT project/views/default/index.html: 1
[2014-11-26 02:25:01] EDIT project/views/default/index.html: 0
[2014-11-26 02:25:25] EDIT project/views/default/index.html: -2
[2014-11-26 02:25:57] EDIT project/views/default/index.html: 0
[2014-11-26 02:26:49] EDIT project/views/default/index.html: -1
[2014-11-26 02:26:57] EDIT project/views/default/index.html: -1
[2014-11-26 02:28:06] EDIT project/views/default/index.html: 0
[2014-11-26 02:28:24] EDIT project/views/default/index.html: 0
[2014-11-26 02:29:25] EDIT project/views/default/index.html: -2
[2014-11-26 02:30:52] EDIT project/views/default/index.html: 2
[2014-11-26 02:31:15] EDIT project/views/default/index.html: 0
[2014-11-26 02:31:55] EDIT project/views/default/index.html: 1
[2014-11-26 02:32:04] EDIT project/views/default/index.html: 0
[2014-11-26 02:32:26] EDIT project/views/default/index.html: 0
[2014-11-26 02:33:16] EDIT project/views/default/index.html: 3
[2014-11-26 02:34:44] EDIT project/views/default/index.html: 0
[2014-11-26 02:35:53] EDIT project/views/default/index.html: 0
[2014-11-26 02:36:26] EDIT project/views/default/index.html: 0
[2014-11-26 02:38:21] EDIT project/views/default/index.html: -2
[2014-11-26 02:39:14] EDIT project/views/default/index.html: -1
[2014-11-26 02:39:23] EDIT project/views/default/index.html: 0
[2014-11-26 02:39:49] EDIT project/views/default/index.html: 0
[2014-11-26 02:40:01] EDIT project/views/default/index.html: 0
[2014-11-26 02:40:13] EDIT project/views/default/index.html: 0
[2014-11-26 02:42:05] EDIT project/views/default/index.html: 0
[2014-11-26 02:48:25] EDIT project/views/default/index.html: 0
[2014-11-26 02:50:33] EDIT project/views/default/index.html: 0
[2014-11-26 02:52:10] EDIT project/views/default/index.html: 1
[2014-11-26 02:52:51] EDIT project/views/default/index.html: -2
[2014-11-26 02:53:31] EDIT project/views/default/index.html: 2
[2014-11-26 02:53:56] EDIT project/views/default/index.html: -3
[2014-11-26 02:54:32] EDIT project/views/default/index.html: 0
[2014-11-26 02:54:39] EDIT project/views/default/index.html: 0
[2014-11-26 02:55:04] EDIT project/views/default/index.html: -3
[2014-11-26 02:55:42] EDIT project/views/default/index.html: 1
[2014-11-26 02:56:06] EDIT project/views/default/index.html: 2
[2014-11-26 02:56:43] EDIT project/views/default/index.html: 1
[2014-11-26 02:56:50] EDIT project/views/default/index.html: 2
[2014-11-26 02:57:36] EDIT project/views/default/index.html: -1
[2014-11-26 02:59:38] EDIT project/views/default/index.html: -4
[2014-11-26 03:02:13] EDIT project/views/default/index.html: -1
[2014-11-26 03:02:48] EDIT project/views/default/index.html: 0
[2014-11-26 03:03:41] EDIT project/views/default/index.html: 0
[2014-11-26 03:04:03] EDIT project/views/default/index.html: 0
[2014-11-26 03:04:13] EDIT project/views/default/index.html: 0
[2014-11-26 03:07:02] EDIT project/views/default/index.html: 0
[2014-11-26 03:07:53] EDIT project/views/default/index.html: 0
[2014-11-26 03:08:12] EDIT project/views/default/index.html: 0
[2014-11-26 03:09:23] EDIT project/views/default/index.html: 0
[2014-11-26 03:11:08] EDIT project/views/default/index.html: 0
[2014-11-26 03:12:24] EDIT project/views/default/index.html: -9
[2014-11-26 03:13:09] EDIT project/views/default/index.html: 0
[2014-11-26 03:13:57] EDIT project/views/default/index.html: -7
[2014-11-26 03:14:39] EDIT project/views/default/index.html: -46
[2014-11-26 03:14:51] EDIT project/views/default/index.html: 0
[2014-11-26 03:14:58] EDIT project/views/default/index.html: 0
[2014-11-26 03:15:00] EDIT project/views/default/index.html: 0
[2014-11-26 03:15:09] EDIT project/views/default/index.html: 0
[2014-11-26 03:17:28] EDIT project/views/default/index.html: 0
[2014-11-26 03:17:55] EDIT project/views/default/index.html: 0
[2014-11-26 03:18:18] EDIT project/views/default/index.html: 0
[2014-11-26 03:21:21] EDIT project/views/default/index.html: 0
[2014-11-26 03:21:37] EDIT project/views/default/index.html: -2
[2014-11-26 03:22:55] EDIT project/views/default/index.html: 0
[2014-11-26 03:23:44] EDIT project/views/default/index.html: 0
[2014-11-26 03:24:08] EDIT project/views/default/index.html: 0
[2014-11-26 03:24:42] EDIT project/views/default/index.html: 0
[2014-11-26 03:24:52] EDIT project/views/default/index.html: 0
[2014-11-26 03:25:07] EDIT project/views/default/index.html: 0
[2014-11-26 03:25:39] EDIT project/views/default/index.html: 0
[2014-11-26 03:26:03] EDIT project/views/default/index.html: 0
[2014-11-26 03:26:26] EDIT project/views/default/index.html: 0
[2014-11-26 03:26:52] EDIT project/views/default/index.html: 0
[2014-11-26 03:27:25] EDIT project/views/default/index.html: -1
[2014-11-26 03:28:11] EDIT project/views/default/index.html: 0
[2014-11-26 03:28:35] EDIT project/views/default/index.html: 0
[2014-11-26 03:29:06] EDIT project/views/default/index.html: 0
[2014-11-26 03:29:44] EDIT project/views/default/index.html: 0
[2014-11-26 03:29:56] EDIT project/views/default/index.html: 0
[2014-11-26 03:30:37] EDIT project/views/default/index.html: 0
[2014-11-26 03:30:57] EDIT project/views/default/index.html: 0
[2014-11-26 03:31:06] EDIT project/views/default/index.html: 0
[2014-11-26 03:32:03] EDIT project/views/default/index.html: 0
[2014-11-26 03:33:18] EDIT project/views/default/index.html: 0
[2014-11-26 03:33:27] EDIT project/views/default/index.html: 0
[2014-11-26 03:33:54] EDIT project/views/default/index.html: 0
[2014-11-26 03:34:02] EDIT project/views/default/index.html: 0
[2014-11-26 03:34:09] EDIT project/views/default/index.html: 0
[2014-11-26 03:36:13] EDIT project/views/default/index.html: -2
[2014-11-26 03:37:04] EDIT project/views/default/index.html: -5
[2014-11-26 03:40:34] EDIT project/views/default/index.html: 1
[2014-11-26 03:41:10] EDIT project/views/default/index.html: -1
[2014-11-26 03:41:40] EDIT project/views/default/index.html: -1
[2014-11-26 03:43:00] EDIT project/views/default/index.html: 0
[2014-11-26 03:44:34] EDIT project/views/default/index.html: 1
[2014-11-26 03:44:45] EDIT project/views/default/index.html: -1
[2014-11-26 03:47:48] EDIT project/views/default/index.html: 3
[2014-11-26 03:49:39] EDIT project/views/default/index.html: 0
[2014-11-26 03:50:10] EDIT project/views/default/index.html: 0
[2014-11-26 03:50:46] EDIT project/views/default/index.html: -8
[2014-11-26 03:51:14] EDIT project/views/default/index.html: -3
[2014-11-26 03:51:29] EDIT project/views/default/index.html: -1
[2014-11-26 03:52:18] EDIT project/views/default/index.html: -6
[2014-11-26 03:52:32] EDIT project/views/default/index.html: -25
[2014-11-26 03:53:05] EDIT project/views/default/index.html: -2
[2014-11-26 03:53:25] EDIT project/views/default/index.html: -1
[2014-11-26 03:53:57] EDIT project/views/default/index.html: -1
[2014-11-26 03:54:16] EDIT project/views/default/index.html: 1
[2014-11-26 03:54:42] EDIT project/views/default/index.html: 0
[2014-11-26 03:55:29] EDIT project/views/default/index.html: 0
[2014-11-26 03:55:46] EDIT project/views/default/index.html: 0
[2014-11-26 03:55:56] EDIT project/views/default/index.html: 0
[2014-11-26 03:57:08] EDIT project/views/default/index.html: 0
[2014-11-26 03:57:48] EDIT project/views/default/index.html: 0
[2014-11-26 03:58:04] EDIT project/views/default/index.html: 0
[2014-11-26 03:58:16] EDIT project/views/default/index.html: 0
[2014-11-26 03:58:50] EDIT project/views/default/index.html: 0
[2014-11-26 03:59:23] EDIT project/views/default/index.html: 0
[2014-11-26 03:59:43] EDIT project/views/default/index.html: 43
[2014-11-26 04:02:46] EDIT project/views/default/index.html: 41
[2014-11-26 04:04:05] EDIT project/views/default/index.html: 16
[2014-11-26 04:04:36] EDIT project/views/default/index.html: -1
[2014-11-26 04:05:16] EDIT project/views/default/index.html: -5
[2014-11-26 04:05:45] EDIT project/views/default/index.html: 0
[2014-11-26 04:06:20] EDIT project/views/default/index.html: 0
[2014-11-26 04:06:40] EDIT project/views/default/index.html: 0
[2014-11-26 04:07:23] EDIT project/views/default/index.html: 1
[2014-11-26 04:07:36] EDIT project/views/default/index.html: 1
[2014-11-26 04:07:50] EDIT project/views/default/index.html: 0
[2014-11-26 04:08:01] EDIT project/views/default/index.html: 0
[2014-11-26 04:08:08] EDIT project/views/default/index.html: 0
[2014-11-26 04:08:45] EDIT project/views/default/index.html: 0
[2014-11-26 04:09:16] EDIT project/views/default/index.html: -14
[2014-11-26 04:09:49] EDIT project/views/default/index.html: 1
[2014-11-26 04:09:59] EDIT project/views/default/index.html: 1
[2014-11-26 04:10:09] EDIT project/views/default/index.html: 0
[2014-11-26 04:10:33] EDIT project/views/default/index.html: 1
[2014-11-26 04:11:17] EDIT project/views/default/index.html: -51
[2014-11-26 04:11:48] EDIT project/views/default/index.html: 0
[2014-11-26 04:11:57] EDIT project/views/default/index.html: 0
[2014-11-26 04:12:07] EDIT project/views/default/index.html: 0
[2014-11-26 04:12:14] EDIT project/views/default/index.html: 0
[2014-11-26 04:12:23] EDIT project/views/default/index.html: 0
[2014-11-26 04:12:26] EDIT project/views/default/index.html: 0
[2014-11-26 04:12:44] EDIT project/views/default/index.html: 0
[2014-11-26 04:13:09] EDIT project/views/default/index.html: 0
[2014-11-26 04:13:20] EDIT project/views/default/index.html: 0
[2014-11-26 04:14:07] EDIT project/views/default/index.html: 0
[2014-11-26 04:14:12] EDIT project/views/default/index.html: 0
[2014-11-26 04:14:23] EDIT project/views/default/index.html: 0
[2014-11-26 04:14:42] EDIT project/views/default/index.html: 0
[2014-11-26 04:14:59] EDIT project/views/default/index.html: 0
[2014-11-26 04:16:19] EDIT project/views/default/index.html: 8
[2014-11-26 04:16:55] EDIT project/views/default/index.html: -2
[2014-11-26 04:17:13] EDIT project/views/default/index.html: -1
[2014-11-26 04:17:23] EDIT project/views/default/index.html: 1
[2014-11-26 04:17:46] EDIT project/views/default/index.html: 0
[2014-11-26 04:17:57] EDIT project/views/default/index.html: 0
[2014-11-26 04:18:26] EDIT project/views/default/index.html: 0
[2014-11-26 04:18:52] EDIT project/views/default/index.html: -2
[2014-11-26 04:19:25] EDIT project/views/default/index.html: 2
[2014-11-26 04:19:48] EDIT project/views/default/index.html: 0
[2014-11-26 04:20:15] EDIT project/views/default/index.html: -1
[2014-11-26 04:20:50] EDIT project/views/default/index.html: 0
[2014-11-26 04:21:29] EDIT project/views/default/index.html: 1
[2014-11-26 04:21:39] EDIT project/views/default/index.html: -1
[2014-11-26 04:22:01] EDIT project/views/default/index.html: 1
[2014-11-26 04:22:37] EDIT project/views/default/index.html: -1
[2014-11-26 04:22:55] EDIT project/views/default/index.html: -1
[2014-11-26 04:23:25] EDIT project/views/default/index.html: 1
[2014-11-26 04:23:39] EDIT project/views/default/index.html: 1
[2014-11-26 04:23:55] EDIT project/views/default/index.html: 0
[2014-11-26 04:24:16] EDIT project/views/default/index.html: -1
[2014-11-26 04:24:27] EDIT project/views/default/index.html: 0
[2014-11-26 04:24:46] EDIT project/views/default/index.html: 1
[2014-11-26 04:25:21] EDIT project/views/default/index.html: -9
[2014-11-26 04:25:46] EDIT project/views/default/index.html: 0
[2014-11-26 04:26:15] EDIT project/views/default/index.html: 0
[2014-11-26 04:26:26] EDIT project/views/default/index.html: 0
[2014-11-26 04:27:46] EDIT project/views/default/index.html: 0
[2014-11-26 18:40:36] EDIT project/views/default/index.html: 3
[2014-11-26 18:42:34] EDIT project/views/default/index.html: 0
[2014-11-26 18:43:35] EDIT project/views/default/index.html: 1
[2014-11-26 18:45:20] EDIT project/views/default/index.html: -2
[2014-11-26 18:45:44] EDIT project/views/default/index.html: 0
[2014-11-26 18:46:05] EDIT project/views/default/index.html: 0
[2014-11-26 18:47:39] EDIT project/views/default/index.html: 0
[2014-11-26 18:48:36] EDIT project/views/default/index.html: 0
[2014-11-26 18:50:18] EDIT project/views/default/index.html: 0
[2014-11-26 18:50:30] EDIT project/views/default/index.html: 0
[2014-11-26 18:51:32] EDIT project/views/default/index.html: 1
[2014-11-26 18:51:47] EDIT project/views/default/index.html: 0
[2014-11-26 18:52:42] EDIT project/views/default/index.html: 5
[2014-11-26 18:53:30] EDIT project/views/default/index.html: 0
[2014-11-26 18:54:00] EDIT project/views/default/index.html: -6
[2014-11-26 18:54:40] EDIT project/views/default/index.html: 0
[2014-11-26 18:58:09] EDIT project/views/default/index.html: 0
[2014-11-26 18:59:33] EDIT project/views/default/index.html: -1
[2014-11-26 19:00:38] EDIT project/views/default/index.html: 1
[2014-11-26 19:01:17] EDIT project/views/default/index.html: 1
[2014-11-26 19:02:17] EDIT project/views/default/index.html: -2
[2014-11-26 19:02:48] EDIT project/views/default/index.html: 0
[2014-11-26 19:03:47] EDIT project/views/default/index.html: 0
[2014-11-26 19:04:25] EDIT project/views/default/index.html: 0
[2014-11-26 19:04:52] EDIT project/views/default/index.html: 0
[2014-11-26 19:05:19] EDIT project/views/default/index.html: 0
[2014-11-26 19:06:08] EDIT project/views/default/index.html: 0
[2014-11-26 19:06:20] EDIT project/views/default/index.html: 0
[2014-11-26 19:07:19] EDIT project/views/default/index.html: 0
[2014-11-26 19:07:33] EDIT project/views/default/index.html: 0
[2014-11-26 19:26:59] EDIT project/views/default/index.html: 0
[2014-11-26 19:42:08] EDIT project/views/default/index.html: 0
[2014-11-26 19:43:15] EDIT project/views/default/index.html: 0
[2014-11-26 19:45:35] EDIT project/views/default/index.html: 0
[2014-11-26 19:45:54] EDIT project/views/default/index.html: 0
[2014-11-26 19:47:56] CREATE edit.html: 0
[2014-11-26 19:48:35] EDIT project/controllers/default.py: 2
[2014-11-26 19:49:00] EDIT project/controllers/default.py: 1
[2014-11-26 19:49:01] EDIT project/controllers/default.py: 0
[2014-11-26 19:50:00] EDIT project/controllers/default.py: 0
[2014-11-26 19:50:25] EDIT project/controllers/default.py: 0
[2014-11-26 19:51:26] EDIT project/controllers/default.py: 0
[2014-11-26 20:04:05] DELETE project/views/edit.html: -3
[2014-11-26 20:04:14] CREATE default/edit.html: 0
[2014-11-26 20:04:46] EDIT project/controllers/default.py: 5
[2014-11-26 20:05:24] EDIT project/controllers/default.py: 0
[2014-11-26 20:06:06] EDIT project/views/default/index.html: 1
[2014-11-26 20:07:59] EDIT project/views/default/edit.html: 1
[2014-11-26 20:08:56] EDIT project/views/default/edit.html: 0
[2014-11-26 20:33:23] EDIT project/views/default/edit.html: 0
[2014-11-26 20:34:31] EDIT project/views/default/edit.html: 0
[2014-11-26 20:35:22] EDIT project/views/default/edit.html: 0
[2014-11-26 20:35:53] EDIT project/views/default/edit.html: 0
[2014-11-26 20:36:11] EDIT project/views/default/edit.html: 0
[2014-11-26 20:36:53] EDIT project/views/default/edit.html: 0
[2014-11-26 20:42:22] EDIT project/views/default/edit.html: 0
[2014-11-26 20:44:30] EDIT project/views/default/edit.html: 0
[2014-11-26 20:44:54] EDIT project/views/default/edit.html: 0
[2014-11-26 20:49:56] EDIT project/views/default/edit.html: 1
[2014-11-26 20:49:57] EDIT project/views/default/edit.html: 0
[2014-11-26 20:51:44] EDIT project/controllers/default.py: 1
[2014-11-26 20:52:19] EDIT project/views/default/edit.html: -1
[2014-11-26 21:12:18] EDIT project/controllers/default.py: 3
[2014-11-26 21:12:32] EDIT project/controllers/default.py: -1
[2014-11-26 21:12:51] EDIT project/controllers/default.py: 0
[2014-11-26 21:13:01] EDIT project/controllers/default.py: 0
[2014-11-26 21:13:39] EDIT project/controllers/default.py: 0
[2014-11-26 21:13:55] EDIT project/controllers/default.py: 0
[2014-11-26 21:18:31] EDIT project/controllers/default.py: 0
[2014-11-26 21:32:56] EDIT project/controllers/default.py: 6
[2014-11-26 21:38:56] EDIT project/controllers/default.py: -9
[2014-11-26 21:39:40] EDIT project/controllers/default.py: 0
[2014-11-26 21:39:49] EDIT project/controllers/default.py: -1
[2014-11-26 21:40:12] EDIT project/controllers/default.py: 0
[2014-11-26 21:41:29] EDIT project/controllers/default.py: 0
[2014-11-26 21:45:26] EDIT project/controllers/default.py: -2
[2014-11-26 21:50:53] EDIT project/controllers/default.py: 8
[2014-11-26 21:51:46] EDIT project/controllers/default.py: 0
[2014-11-26 21:51:56] EDIT project/controllers/default.py: -6
[2014-11-26 21:54:42] EDIT project/controllers/default.py: 0
[2014-11-26 21:55:35] EDIT project/controllers/default.py: -2
[2014-11-26 21:56:34] EDIT project/controllers/default.py: 0
[2014-11-26 22:04:47] EDIT project/controllers/default.py: 15
[2014-11-26 22:04:47] EDIT project/controllers/default.py: 0
[2014-11-26 22:12:23] EDIT project/controllers/default.py: -1
[2014-11-26 22:13:40] EDIT project/controllers/default.py: 0
[2014-11-26 22:14:56] EDIT project/controllers/default.py: 0
[2014-11-26 22:15:10] EDIT project/controllers/default.py: 0
[2014-11-26 22:16:30] EDIT project/controllers/default.py: 0
[2014-11-26 22:18:09] EDIT project/controllers/default.py: 0
[2014-11-26 22:19:23] EDIT project/controllers/default.py: 0
[2014-11-26 22:19:55] EDIT project/controllers/default.py: 0
[2014-11-26 22:20:28] EDIT project/controllers/default.py: 0
[2014-11-26 22:24:09] EDIT project/controllers/default.py: 0
[2014-11-26 22:30:50] EDIT project/controllers/default.py: 0
[2014-11-26 22:31:44] EDIT project/controllers/default.py: 0
[2014-11-26 22:31:57] EDIT project/controllers/default.py: 0
[2014-11-26 22:32:42] EDIT project/controllers/default.py: 0
[2014-11-26 22:35:58] EDIT project/controllers/default.py: 0
[2014-11-26 22:36:43] EDIT project/controllers/default.py: 0
[2014-11-26 22:38:54] EDIT project/controllers/default.py: 0
[2014-11-26 22:39:10] EDIT project/controllers/default.py: 0
[2014-11-26 22:40:07] EDIT project/controllers/default.py: 0
[2014-11-26 22:41:55] EDIT project/controllers/default.py: 1
[2014-11-26 22:42:47] EDIT project/controllers/default.py: 0
[2014-11-26 22:42:52] EDIT project/controllers/default.py: 0
[2014-11-26 22:43:08] EDIT project/controllers/default.py: 0
[2014-11-26 22:43:48] EDIT project/controllers/default.py: 0
[2014-11-26 22:44:12] EDIT project/controllers/default.py: 0
[2014-11-26 22:49:48] EDIT project/controllers/default.py: 0
[2014-11-26 22:50:40] EDIT project/controllers/default.py: -1
[2014-11-26 22:51:08] EDIT project/controllers/default.py: 0
[2014-11-26 22:51:28] EDIT project/controllers/default.py: 0
[2014-11-26 22:51:43] EDIT project/controllers/default.py: 0
[2014-11-26 22:51:53] EDIT project/controllers/default.py: 0
[2014-11-26 22:52:14] EDIT project/controllers/default.py: 0
[2014-11-26 22:53:02] EDIT project/controllers/default.py: 0
[2014-11-26 22:54:56] EDIT project/controllers/default.py: -1
[2014-11-26 22:55:08] EDIT project/controllers/default.py: 1
[2014-11-26 22:55:30] EDIT project/controllers/default.py: 0
[2014-11-26 22:55:41] EDIT project/controllers/default.py: 0
[2014-11-26 22:55:59] EDIT project/controllers/default.py: 0
[2014-11-26 22:56:46] EDIT project/controllers/default.py: 0
[2014-11-26 22:57:00] EDIT project/controllers/default.py: 0
[2014-11-26 22:57:03] EDIT project/controllers/default.py: 0
[2014-11-26 22:57:17] EDIT project/controllers/default.py: 0
[2014-11-26 22:58:09] EDIT project/controllers/default.py: 0
[2014-11-26 23:00:03] EDIT project/controllers/default.py: 0
[2014-11-26 23:00:26] EDIT project/controllers/default.py: 0
[2014-11-26 23:04:13] EDIT project/controllers/default.py: 0
[2014-11-26 23:05:22] EDIT project/controllers/default.py: 0
[2014-11-26 23:05:33] EDIT project/controllers/default.py: 0
[2014-11-26 23:06:16] EDIT project/controllers/default.py: -1
[2014-11-26 23:06:30] EDIT project/controllers/default.py: 0
[2014-11-26 23:14:32] EDIT project/controllers/default.py: -6
[2014-11-26 23:14:50] EDIT project/controllers/default.py: 0
[2014-11-26 23:16:17] EDIT project/controllers/default.py: 0
[2014-11-26 23:23:18] EDIT project/controllers/default.py: 0
[2014-11-26 23:23:40] EDIT project/controllers/default.py: 0
[2014-11-26 23:26:25] EDIT project/controllers/default.py: 0
[2014-11-27 00:53:16] EDIT project/models/survey.py: 1
[2014-11-27 00:55:18] EDIT project/models/survey.py: -1
[2014-11-27 00:55:44] EDIT project/controllers/default.py: 0
[2014-11-27 00:58:35] EDIT project/controllers/default.py: 0
[2014-11-27 00:58:39] EDIT project/controllers/default.py: 0
[2014-11-27 00:58:58] EDIT project/controllers/default.py: 0
[2014-11-27 00:58:58] EDIT project/controllers/default.py: 0
[2014-11-27 00:59:18] EDIT project/controllers/default.py: 0
[2014-11-27 01:02:19] EDIT project/controllers/default.py: 0
[2014-11-27 01:02:19] EDIT project/controllers/default.py: 0
[2014-11-27 01:02:20] EDIT project/controllers/default.py: 0
[2014-11-27 01:02:59] EDIT project/controllers/default.py: 0
[2014-11-27 01:07:52] EDIT project/controllers/default.py: 0
[2014-11-27 01:13:37] EDIT project/controllers/default.py: 0
[2014-11-27 01:27:15] EDIT project/controllers/default.py: 2
[2014-11-27 01:28:40] EDIT project/controllers/default.py: 1
[2014-11-27 01:29:01] EDIT project/controllers/default.py: 0
[2014-11-27 01:29:22] EDIT project/controllers/default.py: 0
[2014-11-27 01:29:55] EDIT project/controllers/default.py: 0
[2014-11-27 01:31:28] EDIT project/models/survey.py: 1
[2014-11-27 01:31:51] EDIT project/models/survey.py: 0
[2014-11-27 01:34:54] EDIT project/controllers/default.py: -1
[2014-11-27 01:36:06] EDIT project/controllers/default.py: 0
[2014-11-27 01:36:20] EDIT project/controllers/default.py: 0
[2014-11-27 01:36:38] EDIT project/controllers/default.py: 0
[2014-11-27 01:36:51] EDIT project/controllers/default.py: 0
[2014-11-27 01:37:16] EDIT project/controllers/default.py: 0
[2014-11-27 01:47:09] EDIT project/controllers/default.py: 0
[2014-11-27 01:47:23] EDIT project/controllers/default.py: 0
[2014-11-27 01:48:10] EDIT project/controllers/default.py: 0
[2014-11-27 01:48:10] EDIT project/controllers/default.py: 0
[2014-11-27 01:59:10] EDIT project/controllers/default.py: 0
[2014-11-27 02:00:16] EDIT project/controllers/default.py: 0
[2014-11-27 02:01:11] EDIT project/controllers/default.py: 0
[2014-11-27 02:01:45] EDIT project/controllers/default.py: 0
[2014-11-27 02:03:02] EDIT project/controllers/default.py: 0
[2014-11-27 02:03:19] EDIT project/controllers/default.py: 0
[2014-11-27 02:05:02] EDIT project/controllers/default.py: 0
[2014-11-27 02:06:44] EDIT project/controllers/default.py: 0
[2014-11-27 02:10:37] EDIT project/controllers/default.py: 0
[2014-11-27 02:11:29] EDIT project/controllers/default.py: 0
[2014-11-27 02:11:45] EDIT project/controllers/default.py: 0
[2014-11-27 02:11:57] EDIT project/controllers/default.py: 0
[2014-11-27 02:13:24] EDIT project/controllers/default.py: 0
[2014-11-27 02:18:49] EDIT project/controllers/default.py: 0
[2014-11-27 02:21:42] EDIT project/views/default/edit.html: -1
[2014-11-27 02:24:24] EDIT project/views/default/index.html: 0
[2014-11-27 02:24:24] EDIT project/views/default/index.html: 0
[2014-11-27 02:35:23] EDIT project/models/menu.py: 0
[2014-11-27 02:36:04] EDIT project/models/menu.py: 0
[2014-11-27 02:36:15] EDIT project/models/menu.py: 0
[2014-11-27 02:37:05] EDIT project/models/menu.py: 1
[2014-11-27 02:39:17] EDIT project/models/menu.py: -1
[2014-11-27 02:40:12] EDIT project/models/menu.py: -102
[2014-11-27 02:40:46] EDIT project/models/menu.py: -2
[2014-11-27 02:41:37] EDIT project/models/menu.py: 0
[2014-11-27 02:42:40] EDIT project/models/menu.py: 0
[2014-11-27 02:44:26] EDIT project/views/layout.html: 0
[2014-11-27 02:47:06] EDIT project/views/layout.html: 0
[2014-11-27 02:48:18] EDIT project/views/layout.html: 0
[2014-11-27 02:49:46] EDIT project/views/layout.html: 0
[2014-11-27 02:50:02] EDIT project/views/layout.html: 0
[2014-11-27 02:51:58] EDIT project/views/layout.html: 0
[2014-11-27 02:52:18] EDIT project/views/layout.html: 0
[2014-11-27 02:54:24] EDIT project/views/layout.html: 5
[2014-11-27 02:56:05] EDIT project/views/layout.html: 0
[2014-11-27 03:00:16] EDIT project/views/layout.html: 1
[2014-11-27 03:00:46] EDIT project/views/layout.html: 0
[2014-11-27 03:01:12] EDIT project/views/layout.html: 0
[2014-11-27 03:03:32] EDIT project/views/layout.html: 0
[2014-11-27 03:03:44] EDIT project/views/layout.html: 0
[2014-11-27 03:05:45] EDIT project/views/layout.html: 0
[2014-11-27 03:06:53] EDIT project/views/layout.html: 0
[2014-11-27 03:07:12] EDIT project/views/layout.html: 0
[2014-11-27 03:07:30] EDIT project/views/layout.html: 0
[2014-11-27 03:07:45] EDIT project/views/layout.html: 0
[2014-11-27 03:07:45] EDIT project/views/layout.html: 0
[2014-11-27 03:08:30] EDIT project/views/layout.html: 0
[2014-11-27 03:09:48] EDIT project/views/layout.html: 1
[2014-11-27 03:10:26] EDIT project/views/layout.html: 0
[2014-11-27 03:11:00] EDIT project/views/layout.html: -1
[2014-11-27 03:13:45] EDIT project/views/layout.html: 1
[2014-11-27 03:15:15] EDIT project/views/default/index.html: 0
[2014-11-27 03:15:30] EDIT project/views/layout.html: 0
[2014-11-27 03:16:58] EDIT project/views/layout.html: 0
[2014-11-27 03:17:08] EDIT project/views/layout.html: -1
[2014-11-27 03:20:39] EDIT project/views/layout.html: 6
[2014-11-27 03:21:37] EDIT project/views/layout.html: 0
[2014-11-27 03:23:01] EDIT project/views/layout.html: 0
[2014-11-27 03:23:58] EDIT project/views/layout.html: -1
[2014-11-27 03:24:25] EDIT project/views/layout.html: -6
[2014-11-27 03:24:26] EDIT project/views/layout.html: 0
[2014-11-27 03:27:36] EDIT project/views/layout.html: 0
[2014-11-27 03:29:15] EDIT project/views/default/index.html: 0
[2014-11-27 03:30:02] EDIT project/views/default/index.html: 0
[2014-11-27 03:31:50] EDIT project/views/layout.html: 0
[2014-11-27 03:32:36] EDIT project/views/layout.html: 0
[2014-11-27 03:33:28] EDIT project/models/menu.py: -2
[2014-11-27 03:34:32] EDIT project/models/menu.py: 1
[2014-11-27 03:35:58] EDIT project/models/menu.py: 0
[2014-11-27 03:36:31] EDIT project/models/menu.py: -1
[2014-11-27 03:37:06] EDIT project/models/menu.py: 0
[2014-11-27 03:37:45] EDIT project/models/menu.py: 1
[2014-11-27 03:38:00] EDIT project/models/menu.py: 0
[2014-11-27 03:38:10] EDIT project/models/menu.py: 0
[2014-11-27 03:39:11] EDIT project/models/menu.py: 0
[2014-11-27 03:39:39] EDIT project/models/menu.py: 0
[2014-11-27 03:39:49] EDIT project/models/menu.py: 0
[2014-11-27 03:40:25] EDIT project/models/menu.py: 2
[2014-11-27 03:41:13] EDIT project/models/menu.py: -1
[2014-11-27 03:41:28] EDIT project/models/menu.py: -1
[2014-11-27 03:44:55] EDIT project/models/menu.py: 1
[2014-11-27 03:45:19] EDIT project/models/menu.py: -1
[2014-11-27 03:45:39] EDIT project/models/menu.py: 0
[2014-11-27 03:47:06] EDIT project/models/menu.py: 0
[2014-11-27 03:47:46] EDIT project/models/menu.py: 0
[2014-11-27 03:48:21] EDIT project/models/menu.py: 0
[2014-11-27 03:51:19] EDIT project/models/menu.py: 0
[2014-11-27 03:51:30] EDIT project/models/menu.py: 0
[2014-11-27 03:51:45] EDIT project/models/menu.py: 0
[2014-11-27 03:52:47] EDIT project/views/layout.html: -6
[2014-11-27 03:53:14] EDIT project/views/layout.html: 6
[2014-11-27 03:53:42] EDIT project/views/layout.html: -11
[2014-11-27 03:54:51] EDIT project/views/layout.html: 0
[2014-11-27 03:55:30] EDIT project/views/layout.html: -3
[2014-11-27 03:56:07] EDIT project/views/layout.html: -8
[2014-11-27 03:56:18] EDIT project/views/layout.html: 0
[2014-11-27 03:57:14] EDIT project/views/default/index.html: 0
[2014-11-27 03:57:30] EDIT project/views/default/index.html: 0
[2014-11-27 03:57:47] EDIT project/views/default/index.html: 0
[2014-12-01 01:05:43] CREATE dashboard.html: 0
[2014-12-01 01:05:51] DELETE project_giselle/views/dashboard.html: -3
[2014-12-01 21:22:55] CREATE default/answer.html: 0
[2014-12-01 21:23:09] EDIT project_giselle/views/default/answer.html: 19
[2014-12-01 21:23:23] CREATE default/dashboard.html: 0
[2014-12-01 21:23:48] EDIT project_giselle/views/default/dashboard.html: 4
[2014-12-01 21:24:08] CREATE default/metrics.html: 0
[2014-12-01 21:25:19] EDIT project_giselle/controllers/default.py: 6
[2014-12-01 21:25:32] EDIT project_giselle/controllers/default.py: 0
[2014-12-01 21:26:42] EDIT project_giselle/views/default/index.html: 1
[2014-12-01 21:26:54] EDIT project_giselle/views/default/index.html: 0
[2014-12-01 21:27:14] EDIT project_giselle/views/default/index.html: 1
[2014-12-01 21:27:41] EDIT project_giselle/views/default/index.html: 1
[2014-12-01 21:27:57] EDIT project_giselle/views/default/index.html: -1
[2014-12-01 21:28:29] EDIT project_giselle/views/default/index.html: 0
[2014-12-01 21:28:45] EDIT project_giselle/views/default/index.html: -1
[2014-12-01 21:29:24] EDIT project_giselle/views/default/index.html: 0
[2014-12-01 21:30:31] EDIT project_giselle/views/default/answer.html: 0
[2014-12-01 21:31:11] EDIT project_giselle/views/default/answer.html: 0
[2014-12-01 21:33:54] EDIT QuizChimp/controllers/default.py: 2
[2014-12-02 06:13:45] EDIT QuizChimp/controllers/default.py: 1
[2014-12-02 06:14:13] EDIT QuizChimp/controllers/default.py: -1
[2014-12-02 06:18:26] CREATE default/owned.html: 0
[2014-12-02 06:19:07] EDIT QuizChimp/views/default/owned.html: 17
[2014-12-02 06:20:06] EDIT QuizChimp/controllers/default.py: 14
[2014-12-02 06:20:07] EDIT QuizChimp/controllers/default.py: 0
[2014-12-02 06:20:07] EDIT QuizChimp/controllers/default.py: 0
[2014-12-02 06:20:10] EDIT QuizChimp/views/default/owned.html: 0
[2014-12-02 06:20:10] EDIT QuizChimp/views/default/owned.html: 0
[2014-12-02 06:20:10] EDIT QuizChimp/views/default/owned.html: 0
[2014-12-02 06:20:38] CREATE default/completed.html: 0
[2014-12-02 06:21:04] EDIT QuizChimp/views/default/completed.html: 16
[2014-12-02 06:21:05] EDIT QuizChimp/views/default/completed.html: 0
[2014-12-09 12:48:44] EDIT QuizChimp/models/survey.py: -2
[2014-12-09 12:48:45] EDIT QuizChimp/models/survey.py: 0
[2014-12-09 12:48:45] EDIT QuizChimp/models/survey.py: 0
